# cmd: node /home/s4il0r/Documents/Cursor/li-langverse/lic/../li-cursor-agents/dist/cli/run-agent.js --agent studio_ui_ux_builder --cwd /home/s4il0r/Documents/Cursor/li-langverse/lic --workflow-repo lic --goal-file /home/s4il0r/Documents/Cursor/li-langverse/lic/data/studio-ui-ux-plan-loop/goal-20260524-144437.md

backend: cursor-sdk agent: studio_ui_ux_builder
SDK tool activity streams to stderr ([sdk] ▶/✓ lines). Set LI_SDK_TERMINAL_STREAM=0 to disable.
2026-05-24T14:44:37.489Z [heartbeat] info: worker_status → Supabase: 1 active run(s) studio_ui_ux_builder
[sdk] live stream on (agent=studio_ui_ux_builder cwd=/home/s4il0r/Documents/Cursor/li-langverse/li-cursor-agents/data/workspaces/li-langverse/lic/studio_ui_ux_builder-1779633886993/repo) — tool lines only; LI_SDK_TERMINAL_STREAM=0 to disable
[sdk] thinking…
[sdk] assistant reply
[sdk] ▶ tool
[sdk] ✓ read /home/s4il0r/Documents/Cursor/li-langverse/li-cursor-agents/data/workspaces/li-langverse/lic/studio_ui_ux_builder-1779633886993/repo/docs/superpowers/plans/2026-05-24-studio-ui-ux-plan-loop.md
[sdk] ✗ tool
[sdk] ▶ tool
[sdk] ✓ glob
[sdk] ✗ tool
[sdk] ▶ tool
[sdk] ✓ grep
[sdk] ✗ tool
[sdk] ▶ tool
[sdk] ✓ glob
[sdk] ✗ tool
[sdk] thinking…
[sdk] ▶ tool
[sdk] ✓ glob
[sdk] ✗ tool
[sdk] ▶ tool
[sdk] ✓ read /home/s4il0r/Documents/Cursor/li-langverse/li-cursor-agents/data/workspaces/li-langverse/lic/studio_ui_ux_builder-1779633886993/repo/scripts/studio-ui-ux-plan-gates.sh
[sdk] ✗ tool
[sdk] ▶ tool
[sdk] ✓ glob
[sdk] ✗ tool
[sdk] ▶ tool
[sdk] ✓ read /home/s4il0r/Documents/Cursor/li-langverse/li-cursor-agents/data/workspaces/li-langverse/lic/studio_ui_ux_builder-1779633886993/repo/packages/li-ui/src/lib.li
[sdk] ✗ tool
[sdk] ▶ tool
[sdk] ✓ read /home/s4il0r/Documents/Cursor/li-langverse/li-cursor-agents/data/workspaces/li-langverse/lic/studio_ui_ux_builder-1779633886993/repo/packages/li-ui/src/studio_palette.li
[sdk] ✗ tool
[sdk] ▶ tool
[sdk] ✓ read /home/s4il0r/Documents/Cursor/li-langverse/li-cursor-agents/data/workspaces/li-langverse/lic/studio_ui_ux_builder-1779633886993/repo/packages/li-ui/li-tests/manifest.toml
[sdk] ✗ tool
[sdk] ▶ tool
[sdk] ✓ grep
[sdk] ✗ tool
[sdk] ▶ tool
[sdk] ✓ glob
[sdk] ✗ tool
[sdk] ▶ tool
[sdk] ✓ grep
[sdk] ✗ tool
[sdk] ▶ tool
[sdk] ✓ read /home/s4il0r/Documents/Cursor/li-langverse/li-cursor-agents/data/workspaces/li-langverse/lic/studio_ui_ux_builder-1779633886993/repo/packages/li-ui/li.toml
[sdk] ✗ tool
[sdk] ▶ tool
[sdk] ✓ read /home/s4il0r/Documents/Cursor/li-langverse/li-cursor-agents/data/workspaces/li-langverse/lic/studio_ui_ux_builder-1779633886993/repo/docs/superpowers/plans/2026-05-22-compiler-studio-plan-loop.md
[sdk] ✗ tool
[sdk] ▶ tool
[sdk] ▶ tool
[sdk] ✓ glob
[sdk] ✗ tool
[sdk] ▶ tool
[sdk] ✓ glob
[sdk] ✗ tool
[sdk] ▶ tool
[sdk] ✓ read /home/s4il0r/Documents/Cursor/li-langverse/li-cursor-agents/data/workspaces/li-langverse/lic/studio_ui_ux_builder-1779633886993/repo/docs/reports/studio-ui-ux/iterations/20260524T140432Z-studio-ux-00-design-system.md
[sdk] ✗ tool
[sdk] ▶ tool
[sdk] ✓ read /home/s4il0r/Documents/Cursor/li-langverse/li-cursor-agents/data/workspaces/li-langverse/lic/studio_ui_ux_builder-1779633886993/repo/packages/li-ui/li-tests/smoke/studio_palette.li
[sdk] ✗ tool
[sdk] ▶ tool
[sdk] ✓ grep
[sdk] ✗ tool
[sdk] ▶ tool
[sdk] ✓ read /home/s4il0r/Documents/Cursor/li-langverse/li-cursor-agents/data/workspaces/li-langverse/lic/studio_ui_ux_builder-1779633886993/repo/scripts/studio-ui-ux-verify-tokens.py
[sdk] ✗ tool
[sdk] thinking…
[sdk] ▶ tool
[sdk] ✓ read /home/s4il0r/Documents/Cursor/li-langverse/li-cursor-agents/data/workspaces/li-langverse/lic/studio_ui_ux_builder-1779633886993/repo/.cursor/skills/studio-ui-ux-rubric/SKILL.md
[sdk] ✗ tool
[sdk] ▶ tool
[sdk] ✓ read /home/s4il0r/Documents/Cursor/li-langverse/li-cursor-agents/data/workspaces/li-langverse/lic/studio_ui_ux_builder-1779633886993/repo/li-tests/composable/import_physics_runtime.li
[sdk] ✗ tool
[sdk] ▶ tool
[sdk] ✓ grep /home/s4il0r/Documents/Cursor/li-langverse/li-cursor-agents/data/workspaces/li-langverse/lic/studio_ui_ux_builder-1779633886993/repo
[sdk] ✗ tool
[sdk] ▶ tool
[sdk] ✓ glob
[sdk] ✗ tool
[sdk] ▶ tool
[sdk] ✓ read /home/s4il0r/Documents/Cursor/li-langverse/li-cursor-agents/data/workspaces/li-langverse/lic/studio_ui_ux_builder-1779633886993/repo/docs/game-dev/PH-world-studio-program.md
[sdk] ✗ tool
[sdk] ▶ tool
[sdk] ✓ shell cd /home/s4il0r/Documents/Cursor/li-langverse/li-cursor-agents/data/workspaces/l
[sdk] ✗ tool
[sdk] thinking…
[sdk] ▶ tool
[sdk] ✓ read /home/s4il0r/Documents/Cursor/li-langverse/li-cursor-agents/data/workspaces/li-langverse/lic/studio_ui_ux_builder-1779633886993/repo/deploy/studio-demo/screenshots/01-studio-workspace.html
[sdk] ✗ tool
[sdk] ▶ tool
[sdk] ✓ read /home/s4il0r/Documents/Cursor/li-langverse/li-cursor-agents/data/workspaces/li-langverse/lic/studio_ui_ux_builder-1779633886993/repo/docs/design/studio-design-tokens.toml
[sdk] ✗ tool
[sdk] ▶ tool
[sdk] ✓ grep /home/s4il0r/Documents/Cursor/li-langverse/li-cursor-agents/data/workspaces/li-langverse/lic/studio_ui_ux_builder-1779633886993/repo
[sdk] ✗ tool
[sdk] ▶ tool
[sdk] ✓ read /home/s4il0r/Documents/Cursor/li-langverse/li-cursor-agents/data/workspaces/li-langverse/lic/studio_ui_ux_builder-1779633886993/repo/li-tests/run_all.sh
[sdk] ✗ tool
[sdk] thinking…
[sdk] ▶ tool
[sdk] ✓ grep /home/s4il0r/Documents/Cursor/li-langverse/li-cursor-agents/data/workspaces/li-langverse/lic/studio_ui_ux_builder-1779633886993/repo/li-tests/manifest.toml
[sdk] ✗ tool
[sdk] ▶ tool
[sdk] ✓ read /home/s4il0r/Documents/Cursor/li-langverse/li-cursor-agents/data/workspaces/li-langverse/lic/studio_ui_ux_builder-1779633886993/repo/li-tests/run_all.sh
[sdk] ✗ tool
[sdk] ▶ tool
[sdk] ✓ glob
[sdk] ✗ tool
[sdk] ▶ tool
[sdk] ✓ read /home/s4il0r/Documents/Cursor/li-langverse/li-cursor-agents/data/workspaces/li-langverse/lic/studio_ui_ux_builder-1779633886993/repo/packages/li-ui/li-tests/smoke/builds.li
[sdk] ✗ tool
[sdk] thinking…
[sdk] ▶ tool
[sdk] ✓ read /home/s4il0r/Documents/Cursor/li-langverse/li-cursor-agents/data/workspaces/li-langverse/lic/studio_ui_ux_builder-1779633886993/repo/packages/li-scene/src/lib.li
[sdk] ✗ tool
[sdk] ▶ tool
[sdk] ✓ read /home/s4il0r/Documents/Cursor/li-langverse/li-cursor-agents/data/workspaces/li-langverse/lic/studio_ui_ux_builder-1779633886993/repo/li-tests/composable/import_physics_runtime.li
[sdk] ✗ tool
[sdk] ▶ tool
[sdk] ✓ grep /home/s4il0r/Documents/Cursor/li-langverse/li-cursor-agents/data/workspaces/li-langverse/lic/studio_ui_ux_builder-1779633886993/repo/li-tests
[sdk] ✗ tool
[sdk] ▶ tool
[sdk] ✓ read /home/s4il0r/Documents/Cursor/li-langverse/li-cursor-agents/data/workspaces/li-langverse/lic/studio_ui_ux_builder-1779633886993/repo/li-tests/manifest.toml
[sdk] ✗ tool
[sdk] thinking…
[sdk] ▶ tool
[sdk] ✓ read /home/s4il0r/Documents/Cursor/li-langverse/li-cursor-agents/data/workspaces/li-langverse/lic/studio_ui_ux_builder-1779633886993/repo/packages/li-ui/li-toolchain.toml
[sdk] ✗ tool
[sdk] ▶ tool
[sdk] ✓ grep /home/s4il0r/Documents/Cursor/li-langverse/li-cursor-agents/data/workspaces/li-langverse/lic/studio_ui_ux_builder-1779633886993/repo/packages/li-ui
[sdk] ✗ tool
[sdk] ▶ tool
[sdk] ✓ read /home/s4il0r/Documents/Cursor/li-langverse/li-cursor-agents/data/workspaces/li-langverse/lic/studio_ui_ux_builder-1779633886993/repo/packages/li-http/src/lib.li
[sdk] ✗ tool
[sdk] ▶ tool
[sdk] ✓ grep /home/s4il0r/Documents/Cursor/li-langverse/li-cursor-agents/data/workspaces/li-langverse/lic/studio_ui_ux_builder-1779633886993/repo
[sdk] ✗ tool
[sdk] thinking…
[sdk] ▶ tool
[sdk] ✓ grep /home/s4il0r/Documents/Cursor/li-langverse/li-cursor-agents/data/workspaces/li-langverse/lic/studio_ui_ux_builder-1779633886993/repo
[sdk] ✗ tool
[sdk] ▶ tool
[sdk] ✓ read /home/s4il0r/Documents/Cursor/li-langverse/li-cursor-agents/data/workspaces/li-langverse/lic/studio_ui_ux_builder-1779633886993/repo/docs/physics/SIMULATION_UI_READINESS.md
[sdk] ✗ tool
[sdk] ▶ tool
[sdk] ✓ shell cd /home/s4il0r/Documents/Cursor/li-langverse/li-cursor-agents/data/workspaces/l
[sdk] ✗ tool
[sdk] ▶ tool
[sdk] ✓ shell cd /home/s4il0r/Documents/Cursor/li-langverse/li-cursor-agents/data/workspaces/l
[sdk] ✗ tool
[sdk] ▶ tool
[sdk] ✓ grep /home/s4il0r/Documents/Cursor/li-langverse/li-cursor-agents/data/workspaces/li-langverse/lic/studio_ui_ux_builder-1779633886993/repo
[sdk] ✗ tool
[sdk] ▶ tool
[sdk] ✓ grep /home/s4il0r/Documents/Cursor/li-langverse/li-cursor-agents/data/workspaces/li-langverse/lic/studio_ui_ux_builder-1779633886993/repo/docs/language
[sdk] ✗ tool
[sdk] thinking…
[sdk] ▶ tool
[sdk] ✓ glob
[sdk] ✗ tool
[sdk] ▶ tool
[sdk] ✓ grep /home/s4il0r/Documents/Cursor/li-langverse/li-cursor-agents/data/workspaces/li-langverse/lic/studio_ui_ux_builder-1779633886993/repo/packages
[sdk] ✗ tool
[sdk] ▶ tool
[sdk] ✓ read /home/s4il0r/Documents/Cursor/li-langverse/li-cursor-agents/data/workspaces/li-langverse/lic/studio_ui_ux_builder-1779633886993/repo/.cursor/skills/studio-design-system-generator/SKILL.md
[sdk] ✗ tool
[sdk] ▶ tool
[sdk] ✓ read /home/s4il0r/Documents/Cursor/li-langverse/li-cursor-agents/data/workspaces/li-langverse/lic/studio_ui_ux_builder-1779633886993/repo/scripts/bench-studio-viewport-perf.sh
[sdk] ✗ tool
[sdk] thinking…
[sdk] ▶ tool
[sdk] ✓ read /home/s4il0r/Documents/Cursor/li-langverse/li-cursor-agents/data/workspaces/li-langverse/lic/studio_ui_ux_builder-1779633886993/repo/std/ui/ui.li
[sdk] ✗ tool
[sdk] ▶ tool
[sdk] ✓ grep /home/s4il0r/Documents/Cursor/li-langverse/li-cursor-agents/data/workspaces/li-langverse/lic/studio_ui_ux_builder-1779633886993/repo/docs
[sdk] ✗ tool
[sdk] ▶ tool
[sdk] ✓ read /home/s4il0r/Documents/Cursor/li-langverse/li-cursor-agents/data/workspaces/li-langverse/lic/studio_ui_ux_builder-1779633886993/repo/packages/li.toml
[sdk] ✗ tool
[sdk] thinking…
[sdk] ▶ tool
[sdk] ✓ grep /home/s4il0r/Documents/Cursor/li-langverse/li-cursor-agents/data/workspaces/li-langverse/lic/studio_ui_ux_builder-1779633886993/repo/scripts
[sdk] ✗ tool
[sdk] ▶ tool
[sdk] ✓ grep /home/s4il0r/Documents/Cursor/li-langverse/li-cursor-agents/data/workspaces/li-langverse/lic/studio_ui_ux_builder-1779633886993/repo/packages/li-http
[sdk] ✗ tool
[sdk] ▶ tool
[sdk] ✓ read /home/s4il0r/Documents/Cursor/li-langverse/li-cursor-agents/data/workspaces/li-langverse/lic/studio_ui_ux_builder-1779633886993/repo/packages/li-http/li.toml
[sdk] ✗ tool
[sdk] thinking…
[sdk] ▶ tool
[sdk] ✓ grep /home/s4il0r/Documents/Cursor/li-langverse/li-cursor-agents/data/workspaces/li-langverse/lic/studio_ui_ux_builder-1779633886993/repo/scripts
[sdk] ✗ tool
[sdk] ▶ tool
[sdk] ✓ read /home/s4il0r/Documents/Cursor/li-langverse/li-cursor-agents/data/workspaces/li-langverse/lic/studio_ui_ux_builder-1779633886993/repo/scripts/lic-workspace-build.sh
[sdk] ✗ tool
[sdk] ▶ tool
[sdk] ✓ grep /home/s4il0r/Documents/Cursor/li-langverse/li-cursor-agents/data/workspaces/li-langverse/lic/studio_ui_ux_builder-1779633886993/repo
[sdk] ✗ tool
[sdk] thinking…
[sdk] ▶ tool
[sdk] ✓ grep /home/s4il0r/Documents/Cursor/li-langverse/li-cursor-agents/data/workspaces/li-langverse/lic/studio_ui_ux_builder-1779633886993/repo/packages
[sdk] ✗ tool
[sdk] ▶ tool
[sdk] ✓ read /home/s4il0r/Documents/Cursor/li-langverse/li-cursor-agents/data/workspaces/li-langverse/lic/studio_ui_ux_builder-1779633886993/repo/packages/li-physics-core/src/lib.li
[sdk] ✗ tool
[sdk] ▶ tool
[sdk] ✓ read /home/s4il0r/Documents/Cursor/li-langverse/li-cursor-agents/data/workspaces/li-langverse/lic/studio_ui_ux_builder-1779633886993/repo/scripts/studio-ui-ux-capture-progress.sh
[sdk] ✗ tool
[sdk] thinking…
[sdk] ▶ tool
[sdk] ✓ grep /home/s4il0r/Documents/Cursor/li-langverse/li-cursor-agents/data/workspaces/li-langverse/lic/studio_ui_ux_builder-1779633886993/repo/packages/li-math/src/lib.li
[sdk] ✗ tool
[sdk] ▶ tool
[sdk] ✓ grep /home/s4il0r/Documents/Cursor/li-langverse/li-cursor-agents/data/workspaces/li-langverse/lic/studio_ui_ux_builder-1779633886993/repo/li-tests
[sdk] ✗ tool
[sdk] thinking…
[sdk] assistant reply
[sdk] ▶ tool
[sdk] ✓ updateTodos
[sdk] ✗ tool
[sdk] ▶ tool
[sdk] ✓ edit /home/s4il0r/Documents/Cursor/li-langverse/li-cursor-agents/data/workspaces/li-langverse/lic/studio_ui_ux_builder-1779633886993/repo/packages/li-ui/src/studio_layout.li
[sdk] ✗ tool
[sdk] ▶ tool
[sdk] ✓ edit /home/s4il0r/Documents/Cursor/li-langverse/li-cursor-agents/data/workspaces/li-langverse/lic/studio_ui_ux_builder-1779633886993/repo/packages/li-ui/src/studio_paint.li
[sdk] ✗ tool
[sdk] thinking…
[sdk] ▶ tool
[sdk] ✓ grep /home/s4il0r/Documents/Cursor/li-langverse/li-cursor-agents/data/workspaces/li-langverse/lic/studio_ui_ux_builder-1779633886993/repo/packages
[sdk] ✗ tool
[sdk] ▶ tool
[sdk] ✓ grep /home/s4il0r/Documents/Cursor/li-langverse/li-cursor-agents/data/workspaces/li-langverse/lic/studio_ui_ux_builder-1779633886993/repo/packages
[sdk] ✗ tool
[sdk] ▶ tool
[sdk] ✓ grep /home/s4il0r/Documents/Cursor/li-langverse/li-cursor-agents/data/workspaces/li-langverse/lic/studio_ui_ux_builder-1779633886993/repo
[sdk] ✗ tool
[sdk] ▶ tool
[sdk] ✓ grep /home/s4il0r/Documents/Cursor/li-langverse/li-cursor-agents/data/workspaces/li-langverse/lic/studio_ui_ux_builder-1779633886993/repo/packages/li-scene
[sdk] ✗ tool
[sdk] thinking…
[sdk] ▶ tool
[sdk] ✓ edit /home/s4il0r/Documents/Cursor/li-langverse/li-cursor-agents/data/workspaces/li-langverse/lic/studio_ui_ux_builder-1779633886993/repo/packages/li-ui/src/studio_paint.li
[sdk] ✗ tool
[sdk] ▶ tool
[sdk] ✓ edit /home/s4il0r/Documents/Cursor/li-langverse/li-cursor-agents/data/workspaces/li-langverse/lic/studio_ui_ux_builder-1779633886993/repo/packages/li-ui/src/studio_paint.li
[sdk] ✗ tool
[sdk] ▶ tool
[sdk] ✓ edit /home/s4il0r/Documents/Cursor/li-langverse/li-cursor-agents/data/workspaces/li-langverse/lic/studio_ui_ux_builder-1779633886993/repo/packages/li-ui/src/studio_paint.li
[sdk] ✗ tool
[sdk] ▶ tool
[sdk] ✓ edit /home/s4il0r/Documents/Cursor/li-langverse/li-cursor-agents/data/workspaces/li-langverse/lic/studio_ui_ux_builder-1779633886993/repo/packages/li-ui/src/lib.li
[sdk] ✗ tool
[sdk] thinking…
[sdk] ▶ tool
[sdk] ✓ edit /home/s4il0r/Documents/Cursor/li-langverse/li-cursor-agents/data/workspaces/li-langverse/lic/studio_ui_ux_builder-1779633886993/repo/packages/li-ui/li-tests/smoke/studio_shell_composables.li
[sdk] ✗ tool
[sdk] ▶ tool
[sdk] ✓ edit /home/s4il0r/Documents/Cursor/li-langverse/li-cursor-agents/data/workspaces/li-langverse/lic/studio_ui_ux_builder-1779633886993/repo/li-tests/composable/import_ui_studio_shell.li
[sdk] ✗ tool
[sdk] ▶ tool
[sdk] ✓ edit /home/s4il0r/Documents/Cursor/li-langverse/li-cursor-agents/data/workspaces/li-langverse/lic/studio_ui_ux_builder-1779633886993/repo/packages/li-ui/li-tests/manifest.toml
[sdk] ✗ tool
[sdk] ▶ tool
[sdk] ✓ edit /home/s4il0r/Documents/Cursor/li-langverse/li-cursor-agents/data/workspaces/li-langverse/lic/studio_ui_ux_builder-1779633886993/repo/li-tests/manifest.toml
[sdk] ✗ tool
[sdk] thinking…
[sdk] ▶ tool
[sdk] ✓ shell cd /home/s4il0r/Documents/Cursor/li-langverse/li-cursor-agents/data/workspaces/l
[sdk] ✗ tool
[sdk] ▶ tool
[sdk] ✓ edit /home/s4il0r/Documents/Cursor/li-langverse/li-cursor-agents/data/workspaces/li-langverse/lic/studio_ui_ux_builder-1779633886993/repo/docs/superpowers/plans/2026-05-24-studio-ui-ux-plan-loop.md
[sdk] ✗ tool
[sdk] ▶ tool
[sdk] ✓ read /home/s4il0r/Documents/Cursor/li-langverse/li-cursor-agents/data/workspaces/li-langverse/lic/studio_ui_ux_builder-1779633886993/repo/packages/li-ui/CHANGELOG.md
[sdk] ✗ tool
[sdk] ▶ tool
[sdk] ▶ tool
[sdk] ✓ edit /home/s4il0r/Documents/Cursor/li-langverse/li-cursor-agents/data/workspaces/li-langverse/lic/studio_ui_ux_builder-1779633886993/repo/packages/li-ui/CHANGELOG.md
[sdk] ✗ tool
[sdk] ▶ tool
[sdk] ✓ shell cd /home/s4il0r/Documents/Cursor/li-langverse/li-cursor-agents/data/workspaces/l
[sdk] ✗ tool
[sdk] ✓ edit /home/s4il0r/Documents/Cursor/li-langverse/li-cursor-agents/data/workspaces/li-langverse/lic/studio_ui_ux_builder-1779633886993/repo/docs/physics/SIMULATION_UI_READINESS.md
[sdk] ✗ tool
[sdk] ▶ tool
[sdk] ✓ shell cd /home/s4il0r/Documents/Cursor/li-langverse/li-cursor-agents/data/workspaces/l
[sdk] ✗ tool
[sdk] thinking…
[sdk] ▶ tool
[sdk] ✓ shell cd /home/s4il0r/Documents/Cursor/li-langverse/li-cursor-agents/data/workspaces/l
[sdk] ✗ tool
[sdk] ▶ tool
[sdk] ✓ shell cd /home/s4il0r/Documents/Cursor/li-langverse/li-cursor-agents/data/workspaces/l
[sdk] ✗ tool
[sdk] thinking…
[sdk] ▶ tool
[sdk] ▶ tool
[sdk] ✓ grep /home/s4il0r/Documents/Cursor/li-langverse/li-cursor-agents/data/workspaces/li-langverse/lic/studio_ui_ux_builder-1779633886993/repo/compiler
[sdk] ✗ tool
[sdk] ✓ shell cd /home/s4il0r/Documents/Cursor/li-langverse/li-cursor-agents/data/workspaces/l
[sdk] ✗ tool
[sdk] thinking…
[sdk] ▶ tool
[sdk] ✓ grep /home/s4il0r/Documents/Cursor/li-langverse/li-cursor-agents/data/workspaces/li-langverse/lic/studio_ui_ux_builder-1779633886993/repo/compiler
[sdk] ✗ tool
[sdk] ▶ tool
[sdk] ✓ shell cd /home/s4il0r/Documents/Cursor/li-langverse/li-cursor-agents/data/workspaces/l
[sdk] ✗ tool
[sdk] thinking…
[sdk] ▶ tool
[sdk] ✓ grep /home/s4il0r/Documents/Cursor/li-langverse/li-cursor-agents/data/workspaces/li-langverse/lic/studio_ui_ux_builder-1779633886993/repo/packages
[sdk] ✗ tool
[sdk] ▶ tool
[sdk] ✓ read /home/s4il0r/Documents/Cursor/li-langverse/li-cursor-agents/data/workspaces/li-langverse/lic/studio_ui_ux_builder-1779633886993/repo/compiler/types/import_resolve.cpp
[sdk] ✗ tool
[sdk] thinking…
[sdk] assistant reply
[sdk] ▶ tool
[sdk] ✓ read /home/s4il0r/Documents/Cursor/li-langverse/li-cursor-agents/data/workspaces/li-langverse/lic/studio_ui_ux_builder-1779633886993/repo/packages/li-ui/src/lib.li
[sdk] ✗ tool
[sdk] ▶ tool
[sdk] ✓ read /home/s4il0r/Documents/Cursor/li-langverse/li-cursor-agents/data/workspaces/li-langverse/lic/studio_ui_ux_builder-1779633886993/repo/packages/li-ui/src/studio_palette.li
[sdk] ✗ tool
[sdk] ▶ tool
[sdk] ✓ read /home/s4il0r/Documents/Cursor/li-langverse/li-cursor-agents/data/workspaces/li-langverse/lic/studio_ui_ux_builder-1779633886993/repo/packages/li-ui/src/studio_layout.li
[sdk] ✗ tool
[sdk] ▶ tool
[sdk] ✓ read /home/s4il0r/Documents/Cursor/li-langverse/li-cursor-agents/data/workspaces/li-langverse/lic/studio_ui_ux_builder-1779633886993/repo/packages/li-ui/src/studio_paint.li
[sdk] ✗ tool
[sdk] thinking…
[sdk] ▶ tool
[sdk] ✓ edit /home/s4il0r/Documents/Cursor/li-langverse/li-cursor-agents/data/workspaces/li-langverse/lic/studio_ui_ux_builder-1779633886993/repo/packages/li-ui/src/lib.li
[sdk] ✗ tool
[sdk] ▶ tool
[sdk] ✓ edit /home/s4il0r/Documents/Cursor/li-langverse/li-cursor-agents/data/workspaces/li-langverse/lic/studio_ui_ux_builder-1779633886993/repo/packages/li-ui/li-tests/smoke/studio_palette.li
[sdk] ✗ tool
[sdk] ▶ tool
[sdk] ✓ edit /home/s4il0r/Documents/Cursor/li-langverse/li-cursor-agents/data/workspaces/li-langverse/lic/studio_ui_ux_builder-1779633886993/repo/packages/li-ui/li-tests/smoke/studio_shell_composables.li
[sdk] ✗ tool
[sdk] ▶ tool
[sdk] ✓ edit /home/s4il0r/Documents/Cursor/li-langverse/li-cursor-agents/data/workspaces/li-langverse/lic/studio_ui_ux_builder-1779633886993/repo/scripts/studio-ui-ux-verify-tokens.py
[sdk] ✗ tool
[sdk] ▶ tool
[sdk] ✓ delete /home/s4il0r/Documents/Cursor/li-langverse/li-cursor-agents/data/workspaces/li-langverse/lic/studio_ui_ux_builder-1779633886993/repo/packages/li-ui/src/studio_palette.li
[sdk] ✗ tool
[sdk] ▶ tool
[sdk] ✓ delete /home/s4il0r/Documents/Cursor/li-langverse/li-cursor-agents/data/workspaces/li-langverse/lic/studio_ui_ux_builder-1779633886993/repo/packages/li-ui/src/studio_layout.li
[sdk] ✗ tool
[sdk] ▶ tool
[sdk] ✓ delete /home/s4il0r/Documents/Cursor/li-langverse/li-cursor-agents/data/workspaces/li-langverse/lic/studio_ui_ux_builder-1779633886993/repo/packages/li-ui/src/studio_paint.li
[sdk] ✗ tool
[sdk] ▶ tool
[sdk] ✓ edit /home/s4il0r/Documents/Cursor/li-langverse/li-cursor-agents/data/workspaces/li-langverse/lic/studio_ui_ux_builder-1779633886993/repo/scripts/studio-ui-ux-verify-tokens.py
[sdk] ✗ tool
[sdk] ▶ tool
[sdk] ✓ edit /home/s4il0r/Documents/Cursor/li-langverse/li-cursor-agents/data/workspaces/li-langverse/lic/studio_ui_ux_builder-1779633886993/repo/scripts/studio-ui-ux-verify-tokens.py
[sdk] ✗ tool
[sdk] ▶ tool
[sdk] ✓ shell cd /home/s4il0r/Documents/Cursor/li-langverse/li-cursor-agents/data/workspaces/l
[sdk] ✗ tool
[sdk] thinking…
[sdk] ▶ tool
[sdk] ✓ grep /home/s4il0r/Documents/Cursor/li-langverse/li-cursor-agents/data/workspaces/li-langverse/lic/studio_ui_ux_builder-1779633886993/repo/packages
[sdk] ✗ tool
[sdk] ▶ tool
[sdk] ✓ edit /home/s4il0r/Documents/Cursor/li-langverse/li-cursor-agents/data/workspaces/li-langverse/lic/studio_ui_ux_builder-1779633886993/repo/packages/li-ui/src/lib.li
[sdk] ✗ tool
[sdk] ▶ tool
[sdk] ✓ edit /home/s4il0r/Documents/Cursor/li-langverse/li-cursor-agents/data/workspaces/li-langverse/lic/studio_ui_ux_builder-1779633886993/repo/packages/li-ui/src/lib.li
[sdk] ✗ tool
[sdk] ▶ tool
[sdk] ✓ edit /home/s4il0r/Documents/Cursor/li-langverse/li-cursor-agents/data/workspaces/li-langverse/lic/studio_ui_ux_builder-1779633886993/repo/packages/li-ui/li-tests/smoke/studio_shell_composables.li
[sdk] ✗ tool
[sdk] ▶ tool
[sdk] ✓ edit /home/s4il0r/Documents/Cursor/li-langverse/li-cursor-agents/data/workspaces/li-langverse/lic/studio_ui_ux_builder-1779633886993/repo/li-tests/composable/import_ui_studio_shell.li
[sdk] ✗ tool
[sdk] thinking…
[sdk] ▶ tool
[sdk] ✓ edit /home/s4il0r/Documents/Cursor/li-langverse/li-cursor-agents/data/workspaces/li-langverse/lic/studio_ui_ux_builder-1779633886993/repo/packages/li-ui/li-tests/smoke/studio_shell_composables.li
[sdk] ✗ tool
[sdk] ▶ tool
[sdk] ✓ edit /home/s4il0r/Documents/Cursor/li-langverse/li-cursor-agents/data/workspaces/li-langverse/lic/studio_ui_ux_builder-1779633886993/repo/li-tests/composable/import_ui_studio_shell.li
[sdk] ✗ tool
[sdk] ▶ tool
[sdk] ✓ shell cd /home/s4il0r/Documents/Cursor/li-langverse/li-cursor-agents/data/workspaces/l
[sdk] ✗ tool
[sdk] thinking…
[sdk] ▶ tool
[sdk] ✓ edit /home/s4il0r/Documents/Cursor/li-langverse/li-cursor-agents/data/workspaces/li-langverse/lic/studio_ui_ux_builder-1779633886993/repo/packages/li-ui/src/lib.li
[sdk] ✗ tool
[sdk] ▶ tool
[sdk] ✓ shell cd /home/s4il0r/Documents/Cursor/li-langverse/li-cursor-agents/data/workspaces/l
[sdk] ✗ tool
[sdk] thinking…
[sdk] ▶ tool
[sdk] ✓ edit /home/s4il0r/Documents/Cursor/li-langverse/li-cursor-agents/data/workspaces/li-langverse/lic/studio_ui_ux_builder-1779633886993/repo/packages/li-ui/src/lib.li
[sdk] ✗ tool
[sdk] ▶ tool
[sdk] ✓ shell cd /home/s4il0r/Documents/Cursor/li-langverse/li-cursor-agents/data/workspaces/l
[sdk] ✗ tool
[sdk] thinking…
[sdk] ▶ tool
[sdk] ✓ edit /home/s4il0r/Documents/Cursor/li-langverse/li-cursor-agents/data/workspaces/li-langverse/lic/studio_ui_ux_builder-1779633886993/repo/packages/li-ui/src/lib.li
[sdk] ✗ tool
[sdk] ▶ tool
[sdk] ✓ shell cd /home/s4il0r/Documents/Cursor/li-langverse/li-cursor-agents/data/workspaces/l
[sdk] ✗ tool
[sdk] thinking…
[sdk] ▶ tool
[sdk] ✓ edit /home/s4il0r/Documents/Cursor/li-langverse/li-cursor-agents/data/workspaces/li-langverse/lic/studio_ui_ux_builder-1779633886993/repo/packages/li-ui/src/lib.li
[sdk] ✗ tool
[sdk] ▶ tool
[sdk] ✓ shell cd /home/s4il0r/Documents/Cursor/li-langverse/li-cursor-agents/data/workspaces/l
[sdk] ✗ tool
[sdk] thinking…
[sdk] ▶ tool
[sdk] ✓ edit /home/s4il0r/Documents/Cursor/li-langverse/li-cursor-agents/data/workspaces/li-langverse/lic/studio_ui_ux_builder-1779633886993/repo/packages/li-ui/src/lib.li
[sdk] ✗ tool
[sdk] thinking…
[sdk] ▶ tool
[sdk] ✓ shell cd /home/s4il0r/Documents/Cursor/li-langverse/li-cursor-agents/data/workspaces/l
[sdk] ✗ tool
[sdk] thinking…
[sdk] ▶ tool
[sdk] ✓ edit /home/s4il0r/Documents/Cursor/li-langverse/li-cursor-agents/data/workspaces/li-langverse/lic/studio_ui_ux_builder-1779633886993/repo/packages/li-ui/src/lib.li
[sdk] ✗ tool
[sdk] ▶ tool
[sdk] ✓ shell cd /home/s4il0r/Documents/Cursor/li-langverse/li-cursor-agents/data/workspaces/l
[sdk] ✗ tool
[sdk] thinking…
[sdk] ▶ tool
[sdk] ✓ edit /home/s4il0r/Documents/Cursor/li-langverse/li-cursor-agents/data/workspaces/li-langverse/lic/studio_ui_ux_builder-1779633886993/repo/packages/li-ui/src/lib.li
[sdk] ✗ tool
[sdk] ▶ tool
[sdk] ✓ shell cd /home/s4il0r/Documents/Cursor/li-langverse/li-cursor-agents/data/workspaces/l
[sdk] ✗ tool
[sdk] thinking…
[sdk] ▶ tool
[sdk] ✓ edit /home/s4il0r/Documents/Cursor/li-langverse/li-cursor-agents/data/workspaces/li-langverse/lic/studio_ui_ux_builder-1779633886993/repo/packages/li-ui/src/lib.li
[sdk] ✗ tool
[sdk] ▶ tool
[sdk] ✓ shell cd /home/s4il0r/Documents/Cursor/li-langverse/li-cursor-agents/data/workspaces/l
[sdk] ✗ tool
[sdk] thinking…
[sdk] ▶ tool
[sdk] ✓ shell cd /home/s4il0r/Documents/Cursor/li-langverse/li-cursor-agents/data/workspaces/l
[sdk] ✗ tool
[sdk] thinking…
[sdk] ▶ tool
[sdk] ✓ edit /home/s4il0r/Documents/Cursor/li-langverse/li-cursor-agents/data/workspaces/li-langverse/lic/studio_ui_ux_builder-1779633886993/repo/packages/li-ui/src/lib.li
[sdk] ✗ tool
[sdk] ▶ tool
[sdk] ✓ shell cd /home/s4il0r/Documents/Cursor/li-langverse/li-cursor-agents/data/workspaces/l
[sdk] ✗ tool
[sdk] thinking…
[sdk] ▶ tool
[sdk] ✓ edit /home/s4il0r/Documents/Cursor/li-langverse/li-cursor-agents/data/workspaces/li-langverse/lic/studio_ui_ux_builder-1779633886993/repo/packages/li-ui/src/lib.li
[sdk] ✗ tool
[sdk] ▶ tool
[sdk] ✓ edit /home/s4il0r/Documents/Cursor/li-langverse/li-cursor-agents/data/workspaces/li-langverse/lic/studio_ui_ux_builder-1779633886993/repo/packages/li-ui/li-tests/smoke/studio_shell_composables.li
[sdk] ✗ tool
[sdk] ▶ tool
[sdk] ✓ shell cd /home/s4il0r/Documents/Cursor/li-langverse/li-cursor-agents/data/workspaces/l
[sdk] ✗ tool
[sdk] thinking…
[sdk] ▶ tool
[sdk] ✓ shell cd /home/s4il0r/Documents/Cursor/li-langverse/li-cursor-agents/data/workspaces/l
[sdk] ✗ tool
[sdk] thinking…
[sdk] ▶ tool
[sdk] ✓ edit /home/s4il0r/Documents/Cursor/li-langverse/li-cursor-agents/data/workspaces/li-langverse/lic/studio_ui_ux_builder-1779633886993/repo/packages/li-ui/src/lib.li
[sdk] ✗ tool
[sdk] ▶ tool
[sdk] ✓ edit /home/s4il0r/Documents/Cursor/li-langverse/li-cursor-agents/data/workspaces/li-langverse/lic/studio_ui_ux_builder-1779633886993/repo/packages/li-ui/src/lib.li
[sdk] ✗ tool
[sdk] ▶ tool
[sdk] ✓ edit /home/s4il0r/Documents/Cursor/li-langverse/li-cursor-agents/data/workspaces/li-langverse/lic/studio_ui_ux_builder-1779633886993/repo/li-tests/manifest.toml
[sdk] ✗ tool
[sdk] ▶ tool
[sdk] ✓ edit /home/s4il0r/Documents/Cursor/li-langverse/li-cursor-agents/data/workspaces/li-langverse/lic/studio_ui_ux_builder-1779633886993/repo/packages/li-ui/li-tests/manifest.toml
[sdk] ✗ tool
[sdk] ▶ tool
[sdk] ✓ shell cd /home/s4il0r/Documents/Cursor/li-langverse/li-cursor-agents/data/workspaces/l
[sdk] ✗ tool
[sdk] thinking…
[sdk] ▶ tool
[sdk] ✓ shell cd /home/s4il0r/Documents/Cursor/li-langverse/li-cursor-agents/data/workspaces/l
[sdk] ✗ tool
[sdk] thinking…
[sdk] ▶ tool
[sdk] ✓ updateTodos
[sdk] ✗ tool
[sdk] ▶ tool
[sdk] ✓ shell cd /home/s4il0r/Documents/Cursor/li-langverse/li-cursor-agents/data/workspaces/l
[sdk] ✗ tool
[sdk] ▶ tool
[sdk] ▶ tool
[sdk] ✓ read /home/s4il0r/Documents/Cursor/li-langverse/li-cursor-agents/data/workspaces/li-langverse/lic/studio_ui_ux_builder-1779633886993/repo/data/studio-ui-ux-plan-loop/latest-bench.json
[sdk] ✗ tool
[sdk] ▶ tool
[sdk] ✓ shell cd /home/s4il0r/Documents/Cursor/li-langverse/li-cursor-agents/data/workspaces/l
[sdk] ✗ tool
[sdk] ▶ tool
[sdk] ▶ tool
[sdk] ✓ grep /home/s4il0r/Documents/Cursor/li-langverse/li-cursor-agents/data/workspaces/li-langverse/lic/studio_ui_ux_builder-1779633886993/repo/data/studio-ui-ux-plan-loop
[sdk] ✗ tool
[sdk] ▶ tool
[sdk] ✓ read /home/s4il0r/Documents/Cursor/li-langverse/li-cursor-agents/data/workspaces/li-langverse/lic/studio_ui_ux_builder-1779633886993/repo/scripts/studio-ui-ux-capture-progress.sh
[sdk] ✗ tool
[sdk] ▶ tool
[sdk] ✓ shell cd /home/s4il0r/Documents/Cursor/li-langverse/li-cursor-agents/data/workspaces/l
[sdk] ✗ tool
[sdk] thinking…
[sdk] ▶ tool
[sdk] ✓ read /home/s4il0r/Documents/Cursor/li-langverse/li-cursor-agents/data/workspaces/li-langverse/lic/studio_ui_ux_builder-1779633886993/repo/data/studio-ui-ux-plan-loop/artifacts/iter-studio-ux-01-ui-composables/report.md
[sdk] ✗ tool
[sdk] ▶ tool
[sdk] ✓ glob
[sdk] ✗ tool
[sdk] thinking…
[sdk] ▶ tool
[sdk] ✓ edit /home/s4il0r/Documents/Cursor/li-langverse/li-cursor-agents/data/workspaces/li-langverse/lic/studio_ui_ux_builder-1779633886993/repo/data/studio-ui-ux-plan-loop/latest-ux-assessment.json
[sdk] ✗ tool
[sdk] ▶ tool
[sdk] ✓ edit /home/s4il0r/Documents/Cursor/li-langverse/li-cursor-agents/data/workspaces/li-langverse/lic/studio_ui_ux_builder-1779633886993/repo/docs/reports/studio-ui-ux/iterations/20260524T145341Z-studio-ux-01-ui-composables.md
[sdk] ✗ tool
[sdk] ▶ tool
[sdk] ✓ shell cd /home/s4il0r/Documents/Cursor/li-langverse/li-cursor-agents/data/workspaces/l
[sdk] ✗ tool
[sdk] thinking…
[sdk] ▶ tool
[sdk] ✓ grep /home/s4il0r/Documents/Cursor/li-langverse/li-cursor-agents/data/workspaces/li-langverse/lic/studio_ui_ux_builder-1779633886993/repo/.gitignore
[sdk] ✗ tool
[sdk] ▶ tool
[sdk] ✓ shell cd /home/s4il0r/Documents/Cursor/li-langverse/li-cursor-agents/data/workspaces/l
[sdk] ✗ tool
[sdk] thinking…
[sdk] ▶ tool
[sdk] ✓ read /home/s4il0r/Documents/Cursor/li-langverse/li-cursor-agents/data/workspaces/li-langverse/lic/studio_ui_ux_builder-1779633886993/repo/.gitignore
[sdk] ✗ tool
[sdk] ▶ tool
[sdk] ✓ shell cd /home/s4il0r/Documents/Cursor/li-langverse/li-cursor-agents/data/workspaces/l
[sdk] ✗ tool
[sdk] thinking…
[sdk] ▶ tool
[sdk] ✓ edit /home/s4il0r/Documents/Cursor/li-langverse/li-cursor-agents/data/workspaces/li-langverse/lic/studio_ui_ux_builder-1779633886993/repo/.gitignore
[sdk] ✗ tool
[sdk] ▶ tool
[sdk] ✓ shell cd /home/s4il0r/Documents/Cursor/li-langverse/li-cursor-agents/data/workspaces/l
[sdk] ✗ tool
[sdk] ▶ tool
[sdk] ✓ shell cd /home/s4il0r/Documents/Cursor/li-langverse/li-cursor-agents/data/workspaces/l
[sdk] ✗ tool
[sdk] ▶ tool
[sdk] ✓ shell cd /home/s4il0r/Documents/Cursor/li-langverse/li-cursor-agents/data/workspaces/l
[sdk] ✗ tool
[sdk] ▶ tool
[sdk] ✓ updateTodos
[sdk] ✗ tool
[sdk] ▶ tool
[sdk] ✓ shell cd /home/s4il0r/Documents/Cursor/li-langverse/li-cursor-agents/data/workspaces/l
[sdk] ✗ tool
[sdk] thinking…
[sdk] assistant reply
Error: [db] persistAgentRun: LI_CONTROL_PLANE_STORE=supabase but Supabase is not configured
    at requireSupabaseWrite (file:///home/s4il0r/Documents/Cursor/li-langverse/li-cursor-agents/dist/db/persist.js:10:15)
    at persistAgentRun (file:///home/s4il0r/Documents/Cursor/li-langverse/li-cursor-agents/dist/db/persist.js:18:5)
    at runAgentBody (file:///home/s4il0r/Documents/Cursor/li-langverse/li-cursor-agents/dist/runner.js:327:15)
    at async withRunAgentTracking (file:///home/s4il0r/Documents/Cursor/li-langverse/li-cursor-agents/dist/runner.js:59:24)
    at async main (file:///home/s4il0r/Documents/Cursor/li-langverse/li-cursor-agents/dist/cli/run-agent.js:106:20)
