# cmd: node /home/s4il0r/Documents/Cursor/li-langverse/lic/../li-cursor-agents/dist/cli/run-agent.js --agent studio_ui_ux_builder --cwd /home/s4il0r/Documents/Cursor/li-langverse/lic --workflow-repo lic --goal-file /home/s4il0r/Documents/Cursor/li-langverse/lic/data/studio-ui-ux-plan-loop/goal-20260524-133959.md

backend: cursor-sdk agent: studio_ui_ux_builder
SDK tool activity streams to stderr ([sdk] ▶/✓ lines). Set LI_SDK_TERMINAL_STREAM=0 to disable.
2026-05-24T13:39:59.366Z [heartbeat] info: worker_status → Supabase: 1 active run(s) studio_ui_ux_builder
[sdk] live stream on (agent=studio_ui_ux_builder cwd=/home/s4il0r/Documents/Cursor/li-langverse/li-cursor-agents/data/workspaces/li-langverse/lic/studio_ui_ux_builder-1779630074726/repo) — tool lines only; LI_SDK_TERMINAL_STREAM=0 to disable
[sdk] thinking…
[sdk] assistant reply
[sdk] ▶ tool
[sdk] ✓ read /home/s4il0r/Documents/Cursor/li-langverse/li-cursor-agents/data/workspaces/li-langverse/lic/studio_ui_ux_builder-1779630074726/repo/.cursor/skills/studio-design-system-generator/SKILL.md
[sdk] ✗ tool
[sdk] ▶ tool
[sdk] ▶ tool
[sdk] ✓ glob
[sdk] ✗ tool
[sdk] ▶ tool
[sdk] ✓ glob
[sdk] ✗ tool
[sdk] ▶ tool
[sdk] ✓ grep /home/s4il0r/Documents/Cursor/li-langverse/li-cursor-agents/data/workspaces/li-langverse/lic/studio_ui_ux_builder-1779630074726/repo
[sdk] ✗ tool
[sdk] ▶ tool
[sdk] ✓ read /home/s4il0r/Documents/Cursor/li-langverse/li-cursor-agents/data/workspaces/li-langverse/lic/studio_ui_ux_builder-1779630074726/repo/docs/superpowers/plans/2026-05-24-studio-ui-ux-plan-loop.md
[sdk] ✗ tool
[sdk] ▶ tool
[sdk] ✓ read /home/s4il0r/Documents/Cursor/li-langverse/li-cursor-agents/data/workspaces/li-langverse/lic/studio_ui_ux_builder-1779630074726/repo/scripts/studio-ui-ux-generate-design-system.sh
[sdk] ✗ tool
[sdk] ▶ tool
[sdk] ✓ glob
[sdk] ✗ tool
[sdk] ▶ tool
[sdk] ✓ glob
[sdk] ✗ tool
[sdk] ▶ tool
[sdk] ▶ tool
[sdk] ✓ read /home/s4il0r/Documents/Cursor/li-langverse/li-cursor-agents/data/workspaces/li-langverse/lic/studio_ui_ux_builder-1779630074726/repo/docs/design/studio-design-tokens.toml
[sdk] ✗ tool
[sdk] ▶ tool
[sdk] ✓ read /home/s4il0r/Documents/Cursor/li-langverse/li-cursor-agents/data/workspaces/li-langverse/lic/studio_ui_ux_builder-1779630074726/repo/deploy/studio-demo/screenshots/01-studio-workspace.html
[sdk] ✗ tool
[sdk] ▶ tool
[sdk] ✓ read /home/s4il0r/Documents/Cursor/li-langverse/li-cursor-agents/data/workspaces/li-langverse/lic/studio_ui_ux_builder-1779630074726/repo/deploy/studio-demo/screenshots/studio-tokens.css
[sdk] ✗ tool
[sdk] ▶ tool
[sdk] ✓ glob
[sdk] ✗ tool
[sdk] ▶ tool
[sdk] ✓ glob
[sdk] ✗ tool
[sdk] ▶ tool
[sdk] ✓ shell cd /home/s4il0r/Documents/Cursor/li-langverse/li-cursor-agents/data/workspaces/l
[sdk] ✗ tool
[sdk] thinking…
[sdk] assistant reply
[sdk] ▶ tool
[sdk] ✓ read /home/s4il0r/Documents/Cursor/li-langverse/li-cursor-agents/data/workspaces/li-langverse/lic/studio_ui_ux_builder-1779630074726/repo/docs/reports/studio-ui-ux/iterations/20260524T133709Z-studio-ux-00-design-system.md
[sdk] ✗ tool
[sdk] ▶ tool
[sdk] ✓ read /home/s4il0r/Documents/Cursor/li-langverse/li-cursor-agents/data/workspaces/li-langverse/lic/studio_ui_ux_builder-1779630074726/repo/scripts/studio-ui-ux-plan-gates.sh
[sdk] ✗ tool
[sdk] ▶ tool
[sdk] ✓ read /home/s4il0r/Documents/Cursor/li-langverse/li-cursor-agents/data/workspaces/li-langverse/lic/studio_ui_ux_builder-1779630074726/repo/scripts/studio-ui-ux-capture-progress.sh
[sdk] ✗ tool
[sdk] ▶ tool
[sdk] ✓ read /home/s4il0r/Documents/Cursor/li-langverse/li-cursor-agents/data/workspaces/li-langverse/lic/studio_ui_ux_builder-1779630074726/repo/scripts/bench-studio-viewport-perf.sh
[sdk] ✗ tool
[sdk] ▶ tool
[sdk] ✓ read /home/s4il0r/Documents/Cursor/li-langverse/li-cursor-agents/data/workspaces/li-langverse/lic/studio_ui_ux_builder-1779630074726/repo/.cursor/skills/studio-ui-ux-rubric/SKILL.md
[sdk] ✗ tool
[sdk] thinking…
[sdk] ▶ tool
[sdk] ✓ read /home/s4il0r/Documents/Cursor/li-langverse/li-cursor-agents/data/workspaces/li-langverse/lic/studio_ui_ux_builder-1779630074726/repo/deploy/studio-demo/screenshots/01-studio-workspace.html
[sdk] ✗ tool
[sdk] ▶ tool
[sdk] ▶ tool
[sdk] ✓ read /home/s4il0r/Documents/Cursor/li-langverse/li-cursor-agents/data/workspaces/li-langverse/lic/studio_ui_ux_builder-1779630074726/repo/scripts/studio-ui-ux-emit-demo-css.py
[sdk] ✗ tool
[sdk] ✓ glob
[sdk] ✗ tool
[sdk] ▶ tool
[sdk] ✓ shell cd /home/s4il0r/Documents/Cursor/li-langverse/li-cursor-agents/data/workspaces/l
[sdk] ✗ tool
[sdk] thinking…
[sdk] ▶ tool
[sdk] ✓ grep /home/s4il0r/Documents/Cursor/li-langverse/li-cursor-agents/data/workspaces/li-langverse/lic/studio_ui_ux_builder-1779630074726/repo
[sdk] ✗ tool
[sdk] ▶ tool
[sdk] ✓ glob
[sdk] ✗ tool
[sdk] ▶ tool
[sdk] ✓ read /home/s4il0r/Documents/Cursor/li-langverse/li-cursor-agents/data/workspaces/li-langverse/lic/studio_ui_ux_builder-1779630074726/repo/.cursor/skills/studio-design-review/SKILL.md
[sdk] ✗ tool
[sdk] thinking…
[sdk] ▶ tool
[sdk] ✓ read /home/s4il0r/Documents/Cursor/li-langverse/li-cursor-agents/data/workspaces/li-langverse/lic/studio_ui_ux_builder-1779630074726/repo/packages/li-ui/src/studio_palette.li
[sdk] ✗ tool
[sdk] ▶ tool
[sdk] ✓ read /home/s4il0r/Documents/Cursor/li-langverse/li-cursor-agents/data/workspaces/li-langverse/lic/studio_ui_ux_builder-1779630074726/repo/scripts/studio-ui-ux-plan-loop.py
[sdk] ✗ tool
[sdk] ▶ tool
[sdk] ✓ shell cd /home/s4il0r/Documents/Cursor/li-langverse/li-cursor-agents/data/workspaces/l
[sdk] ✗ tool
[sdk] thinking…
[sdk] ▶ tool
[sdk] ▶ tool
[sdk] ✓ read /home/s4il0r/Documents/Cursor/li-langverse/li-cursor-agents/data/workspaces/li-langverse/lic/studio_ui_ux_builder-1779630074726/repo/data/studio-ui-ux-plan-loop/latest-bench.json
[sdk] ✗ tool
[sdk] ▶ tool
[sdk] ✓ shell cd /home/s4il0r/Documents/Cursor/li-langverse/li-cursor-agents/data/workspaces/l
[sdk] ✗ tool
[sdk] ✓ shell cd /home/s4il0r/Documents/Cursor/li-langverse/li-cursor-agents/data/workspaces/l
[sdk] ✗ tool
[sdk] thinking…
[sdk] ▶ tool
[sdk] ▶ tool
[sdk] ✓ grep /home/s4il0r/Documents/Cursor/li-langverse/li-cursor-agents/ux-harness/sota/manifest.yaml
[sdk] ✗ tool
[sdk] ▶ tool
[sdk] ✓ read /home/s4il0r/Documents/Cursor/li-langverse/li-cursor-agents/data/workspaces/li-langverse/lic/studio_ui_ux_builder-1779630074726/repo/packages/li-ui/li-tests/smoke/studio_palette.li
[sdk] ✗ tool
[sdk] ▶ tool
[sdk] ✓ read /home/s4il0r/Documents/Cursor/li-langverse/li-cursor-agents/data/workspaces/li-langverse/lic/studio_ui_ux_builder-1779630074726/repo/docs/design/studio-design-system.generated.md
[sdk] ✗ tool
[sdk] thinking…
[sdk] ▶ tool
[sdk] ▶ tool
[sdk] ✓ read /home/s4il0r/Documents/Cursor/li-langverse/li-cursor-agents/ux-harness/sota/manifest.yaml
[sdk] ✗ tool
[sdk] ✓ shell cd /home/s4il0r/Documents/Cursor/li-langverse/li-cursor-agents/data/workspaces/l
[sdk] ✗ tool
[sdk] ▶ tool
[sdk] ✓ read /home/s4il0r/Documents/Cursor/li-langverse/li-cursor-agents/data/workspaces/li-langverse/lic/studio_ui_ux_builder-1779630074726/repo/deploy/studio-demo/screenshots/capture.sh
[sdk] ✗ tool
[sdk] thinking…
[sdk] assistant reply
[sdk] ▶ tool
[sdk] ✓ edit /home/s4il0r/Documents/Cursor/li-langverse/li-cursor-agents/data/workspaces/li-langverse/lic/studio_ui_ux_builder-1779630074726/repo/deploy/studio-demo/screenshots/02-studio-empty-viewport.html
[sdk] ✗ tool
[sdk] ▶ tool
[sdk] ✓ edit /home/s4il0r/Documents/Cursor/li-langverse/li-cursor-agents/data/workspaces/li-langverse/lic/studio_ui_ux_builder-1779630074726/repo/data/studio-ui-ux-plan-loop/latest-ux-assessment.json
[sdk] ✗ tool
[sdk] ▶ tool
[sdk] ✓ edit /home/s4il0r/Documents/Cursor/li-langverse/li-cursor-agents/data/workspaces/li-langverse/lic/studio_ui_ux_builder-1779630074726/repo/scripts/studio-ui-ux-plan-gates.sh
[sdk] ✗ tool
[sdk] ▶ tool
[sdk] ▶ tool
[sdk] ✓ read /home/s4il0r/Documents/Cursor/li-langverse/li-cursor-agents/data/workspaces/li-langverse/lic/studio_ui_ux_builder-1779630074726/repo/scripts/studio-ui-ux-iteration-report.py
[sdk] ✗ tool
[sdk] ✓ shell cd /home/s4il0r/Documents/Cursor/li-langverse/li-cursor-agents/data/workspaces/l
[sdk] ✗ tool
[sdk] thinking…
[sdk] ▶ tool
[sdk] ✓ shell cd /home/s4il0r/Documents/Cursor/li-langverse/li-cursor-agents/data/workspaces/l
[sdk] ✗ tool
[sdk] ▶ tool
[sdk] ✓ shell cd /home/s4il0r/Documents/Cursor/li-langverse/li-cursor-agents/data/workspaces/l
[sdk] ✗ tool
[sdk] ▶ tool
[sdk] ✓ shell cd /home/s4il0r/Documents/Cursor/li-langverse/li-cursor-agents/data/workspaces/l
[sdk] ✗ tool
[sdk] ▶ tool
[sdk] ✓ shell cd /home/s4il0r/Documents/Cursor/li-langverse/li-cursor-agents/data/workspaces/l
[sdk] ✗ tool
[sdk] ▶ tool
[sdk] ✓ edit /home/s4il0r/Documents/Cursor/li-langverse/li-cursor-agents/data/workspaces/li-langverse/lic/studio_ui_ux_builder-1779630074726/repo/data/studio-ui-ux-plan-loop/pr-body-177.md
[sdk] ✗ tool
[sdk] ▶ tool
[sdk] ✓ shell cd /home/s4il0r/Documents/Cursor/li-langverse/li-cursor-agents/data/workspaces/l
[sdk] ✗ tool
[sdk] assistant reply
Error: [db] persistAgentRun: LI_CONTROL_PLANE_STORE=supabase but Supabase is not configured
    at requireSupabaseWrite (file:///home/s4il0r/Documents/Cursor/li-langverse/li-cursor-agents/dist/db/persist.js:10:15)
    at persistAgentRun (file:///home/s4il0r/Documents/Cursor/li-langverse/li-cursor-agents/dist/db/persist.js:18:5)
    at runAgentBody (file:///home/s4il0r/Documents/Cursor/li-langverse/li-cursor-agents/dist/runner.js:327:15)
    at async withRunAgentTracking (file:///home/s4il0r/Documents/Cursor/li-langverse/li-cursor-agents/dist/runner.js:59:24)
    at async main (file:///home/s4il0r/Documents/Cursor/li-langverse/li-cursor-agents/dist/cli/run-agent.js:106:20)
